build/app/intermediates/manifest_merge_blame_file/debug/manifest-merger-blame-debug-report.txt
1<?xml version="1.0" encoding="utf-8"?>
2<manifest xmlns:android="http://schemas.android.com/apk/res/android"
3    package="com.example.chat"
4    android:versionCode="1"
5    android:versionName="1.0.0" >
6
7    <uses-sdk
8        android:minSdkVersion="21"
9        android:targetSdkVersion="33" />
10    <!--
11         The INTERNET permission is required for development. Specifically,
12         the Flutter tool needs it to communicate with the running application
13         to allow setting breakpoints, to provide hot reload, etc.
14    -->
15    <uses-permission android:name="android.permission.INTERNET" />
15-->src/debug/AndroidManifest.xml:7:5-66
15-->src/debug/AndroidManifest.xml:7:22-64
16    <uses-permission android:name="android.permission.ACCESS_NETWORK_STATE" />
16-->[:firebase_analytics] AndroidManifest.xml:9:5-79
16-->[:firebase_analytics] AndroidManifest.xml:9:22-76
17    <uses-permission android:name="android.permission.WAKE_LOCK" />
17-->[:firebase_analytics] AndroidManifest.xml:11:5-68
17-->[:firebase_analytics] AndroidManifest.xml:11:22-65
18    <uses-permission android:name="android.permission.POST_NOTIFICATIONS" /> <!-- Required by older versions of Google Play services to create IID tokens -->
18-->[com.google.firebase:firebase-messaging:23.1.2] AndroidManifest.xml:25:5-77
18-->[com.google.firebase:firebase-messaging:23.1.2] AndroidManifest.xml:25:22-74
19    <uses-permission android:name="com.google.android.c2dm.permission.RECEIVE" />
19-->[com.google.firebase:firebase-messaging:23.1.2] AndroidManifest.xml:28:5-82
19-->[com.google.firebase:firebase-messaging:23.1.2] AndroidManifest.xml:28:22-79
20    <uses-permission android:name="com.google.android.gms.permission.AD_ID" />
20-->[com.google.android.gms:play-services-measurement-api:21.2.0] AndroidManifest.xml:25:5-79
20-->[com.google.android.gms:play-services-measurement-api:21.2.0] AndroidManifest.xml:25:22-76
21    <uses-permission android:name="com.google.android.finsky.permission.BIND_GET_INSTALL_REFERRER_SERVICE" />
21-->[com.google.android.gms:play-services-measurement:21.2.0] AndroidManifest.xml:26:5-110
21-->[com.google.android.gms:play-services-measurement:21.2.0] AndroidManifest.xml:26:22-107
22
23    <application
24        android:name="android.app.Application"
25        android:appComponentFactory="androidx.core.app.CoreComponentFactory"
25-->[androidx.core:core:1.6.0] AndroidManifest.xml:24:18-86
26        android:debuggable="true"
27        android:icon="@mipmap/ic_launcher"
28        android:label="chat" >
29        <activity
30            android:name="com.example.chat.MainActivity"
31            android:configChanges="orientation|keyboardHidden|keyboard|screenSize|smallestScreenSize|locale|layoutDirection|fontScale|screenLayout|density|uiMode"
32            android:exported="true"
33            android:hardwareAccelerated="true"
34            android:launchMode="singleTop"
35            android:theme="@style/LaunchTheme"
36            android:windowSoftInputMode="adjustResize" >
37
38            <!--
39                 Specifies an Android theme to apply to this Activity as soon as
40                 the Android process has started. This theme is visible to the user
41                 while the Flutter UI initializes. After that, this theme continues
42                 to determine the Window background behind the Flutter UI.
43            -->
44            <meta-data
45                android:name="io.flutter.embedding.android.NormalTheme"
46                android:resource="@style/NormalTheme" />
47
48            <intent-filter>
49                <action android:name="android.intent.action.MAIN" />
50
51                <category android:name="android.intent.category.LAUNCHER" />
52            </intent-filter>
53        </activity>
54        <!--
55             Don't delete the meta-data below.
56             This is used by the Flutter tool to generate GeneratedPluginRegistrant.java
57        -->
58        <meta-data
59            android:name="flutterEmbedding"
60            android:value="2" />
61
62        <service
62-->[:firebase_analytics] AndroidManifest.xml:14:9-18:19
63            android:name="com.google.firebase.components.ComponentDiscoveryService"
63-->[:firebase_analytics] AndroidManifest.xml:14:18-89
64            android:directBootAware="true"
64-->[com.google.firebase:firebase-common:20.3.1] AndroidManifest.xml:34:13-43
65            android:exported="false" >
65-->[com.google.firebase:firebase-messaging:23.1.2] AndroidManifest.xml:54:13-37
66            <meta-data
66-->[:firebase_analytics] AndroidManifest.xml:15:13-17:85
67                android:name="com.google.firebase.components:io.flutter.plugins.firebase.analytics.FlutterFirebaseAppRegistrar"
67-->[:firebase_analytics] AndroidManifest.xml:16:17-128
68                android:value="com.google.firebase.components.ComponentRegistrar" />
68-->[:firebase_analytics] AndroidManifest.xml:17:17-82
69            <meta-data
69-->[:firebase_auth] AndroidManifest.xml:11:13-13:85
70                android:name="com.google.firebase.components:io.flutter.plugins.firebase.auth.FlutterFirebaseAuthRegistrar"
70-->[:firebase_auth] AndroidManifest.xml:12:17-124
71                android:value="com.google.firebase.components.ComponentRegistrar" />
71-->[:firebase_auth] AndroidManifest.xml:13:17-82
72            <meta-data
72-->[:firebase_messaging] AndroidManifest.xml:36:13-38:85
73                android:name="com.google.firebase.components:io.flutter.plugins.firebase.messaging.FlutterFirebaseAppRegistrar"
73-->[:firebase_messaging] AndroidManifest.xml:37:17-128
74                android:value="com.google.firebase.components.ComponentRegistrar" />
74-->[:firebase_messaging] AndroidManifest.xml:38:17-82
75            <meta-data
75-->[:firebase_core] AndroidManifest.xml:11:13-13:85
76                android:name="com.google.firebase.components:io.flutter.plugins.firebase.core.FlutterFirebaseCoreRegistrar"
76-->[:firebase_core] AndroidManifest.xml:12:17-124
77                android:value="com.google.firebase.components.ComponentRegistrar" />
77-->[:firebase_core] AndroidManifest.xml:13:17-82
78            <meta-data
78-->[com.google.firebase:firebase-messaging:23.1.2] AndroidManifest.xml:55:13-57:85
79                android:name="com.google.firebase.components:com.google.firebase.messaging.FirebaseMessagingRegistrar"
79-->[com.google.firebase:firebase-messaging:23.1.2] AndroidManifest.xml:56:17-119
80                android:value="com.google.firebase.components.ComponentRegistrar" />
80-->[com.google.firebase:firebase-messaging:23.1.2] AndroidManifest.xml:57:17-82
81            <meta-data
81-->[com.google.firebase:firebase-datatransport:18.1.7] AndroidManifest.xml:27:13-29:85
82                android:name="com.google.firebase.components:com.google.firebase.datatransport.TransportRegistrar"
82-->[com.google.firebase:firebase-datatransport:18.1.7] AndroidManifest.xml:28:17-115
83                android:value="com.google.firebase.components.ComponentRegistrar" />
83-->[com.google.firebase:firebase-datatransport:18.1.7] AndroidManifest.xml:29:17-82
84            <meta-data
84-->[com.google.firebase:firebase-auth:21.1.0] AndroidManifest.xml:67:13-69:85
85                android:name="com.google.firebase.components:com.google.firebase.auth.FirebaseAuthRegistrar"
85-->[com.google.firebase:firebase-auth:21.1.0] AndroidManifest.xml:68:17-109
86                android:value="com.google.firebase.components.ComponentRegistrar" />
86-->[com.google.firebase:firebase-auth:21.1.0] AndroidManifest.xml:69:17-82
87            <meta-data
87-->[com.google.android.gms:play-services-measurement-api:21.2.0] AndroidManifest.xml:31:13-33:85
88                android:name="com.google.firebase.components:com.google.firebase.analytics.connector.internal.AnalyticsConnectorRegistrar"
88-->[com.google.android.gms:play-services-measurement-api:21.2.0] AndroidManifest.xml:32:17-139
89                android:value="com.google.firebase.components.ComponentRegistrar" />
89-->[com.google.android.gms:play-services-measurement-api:21.2.0] AndroidManifest.xml:33:17-82
90            <meta-data
90-->[com.google.firebase:firebase-installations:17.1.3] AndroidManifest.xml:17:13-19:85
91                android:name="com.google.firebase.components:com.google.firebase.installations.FirebaseInstallationsRegistrar"
91-->[com.google.firebase:firebase-installations:17.1.3] AndroidManifest.xml:18:17-127
92                android:value="com.google.firebase.components.ComponentRegistrar" />
92-->[com.google.firebase:firebase-installations:17.1.3] AndroidManifest.xml:19:17-82
93        </service>
94        <service
94-->[:firebase_messaging] AndroidManifest.xml:14:9-17:72
95            android:name="io.flutter.plugins.firebase.messaging.FlutterFirebaseMessagingBackgroundService"
95-->[:firebase_messaging] AndroidManifest.xml:15:13-107
96            android:exported="false"
96-->[:firebase_messaging] AndroidManifest.xml:16:13-37
97            android:permission="android.permission.BIND_JOB_SERVICE" />
97-->[:firebase_messaging] AndroidManifest.xml:17:13-69
98        <service
98-->[:firebase_messaging] AndroidManifest.xml:18:9-24:19
99            android:name="io.flutter.plugins.firebase.messaging.FlutterFirebaseMessagingService"
99-->[:firebase_messaging] AndroidManifest.xml:19:13-97
100            android:exported="false" >
100-->[:firebase_messaging] AndroidManifest.xml:20:13-37
101            <intent-filter>
101-->[:firebase_messaging] AndroidManifest.xml:21:13-23:29
102                <action android:name="com.google.firebase.MESSAGING_EVENT" />
102-->[:firebase_messaging] AndroidManifest.xml:22:17-78
102-->[:firebase_messaging] AndroidManifest.xml:22:25-75
103            </intent-filter>
104        </service>
105
106        <receiver
106-->[:firebase_messaging] AndroidManifest.xml:26:9-33:20
107            android:name="io.flutter.plugins.firebase.messaging.FlutterFirebaseMessagingReceiver"
107-->[:firebase_messaging] AndroidManifest.xml:27:13-98
108            android:exported="true"
108-->[:firebase_messaging] AndroidManifest.xml:28:13-36
109            android:permission="com.google.android.c2dm.permission.SEND" >
109-->[:firebase_messaging] AndroidManifest.xml:29:13-73
110            <intent-filter>
110-->[:firebase_messaging] AndroidManifest.xml:30:13-32:29
111                <action android:name="com.google.android.c2dm.intent.RECEIVE" />
111-->[:firebase_messaging] AndroidManifest.xml:31:17-81
111-->[:firebase_messaging] AndroidManifest.xml:31:25-78
112            </intent-filter>
113        </receiver>
114
115        <provider
115-->[:firebase_messaging] AndroidManifest.xml:41:9-45:38
116            android:name="io.flutter.plugins.firebase.messaging.FlutterFirebaseMessagingInitProvider"
116-->[:firebase_messaging] AndroidManifest.xml:42:13-102
117            android:authorities="com.example.chat.flutterfirebasemessaginginitprovider"
117-->[:firebase_messaging] AndroidManifest.xml:43:13-88
118            android:exported="false"
118-->[:firebase_messaging] AndroidManifest.xml:44:13-37
119            android:initOrder="99" />
119-->[:firebase_messaging] AndroidManifest.xml:45:13-35
120
121        <uses-library
121-->[androidx.window:window:1.0.0-beta04] AndroidManifest.xml:25:9-27:40
122            android:name="androidx.window.extensions"
122-->[androidx.window:window:1.0.0-beta04] AndroidManifest.xml:26:13-54
123            android:required="false" />
123-->[androidx.window:window:1.0.0-beta04] AndroidManifest.xml:27:13-37
124        <uses-library
124-->[androidx.window:window:1.0.0-beta04] AndroidManifest.xml:28:9-30:40
125            android:name="androidx.window.sidecar"
125-->[androidx.window:window:1.0.0-beta04] AndroidManifest.xml:29:13-51
126            android:required="false" />
126-->[androidx.window:window:1.0.0-beta04] AndroidManifest.xml:30:13-37
127
128        <receiver
128-->[com.google.firebase:firebase-messaging:23.1.2] AndroidManifest.xml:31:9-38:20
129            android:name="com.google.firebase.iid.FirebaseInstanceIdReceiver"
129-->[com.google.firebase:firebase-messaging:23.1.2] AndroidManifest.xml:32:13-78
130            android:exported="true"
130-->[com.google.firebase:firebase-messaging:23.1.2] AndroidManifest.xml:33:13-36
131            android:permission="com.google.android.c2dm.permission.SEND" >
131-->[com.google.firebase:firebase-messaging:23.1.2] AndroidManifest.xml:34:13-73
132            <intent-filter>
132-->[:firebase_messaging] AndroidManifest.xml:30:13-32:29
133                <action android:name="com.google.android.c2dm.intent.RECEIVE" />
133-->[:firebase_messaging] AndroidManifest.xml:31:17-81
133-->[:firebase_messaging] AndroidManifest.xml:31:25-78
134            </intent-filter>
135        </receiver>
136        <!--
137             FirebaseMessagingService performs security checks at runtime,
138             but set to not exported to explicitly avoid allowing another app to call it.
139        -->
140        <service
140-->[com.google.firebase:firebase-messaging:23.1.2] AndroidManifest.xml:44:9-51:19
141            android:name="com.google.firebase.messaging.FirebaseMessagingService"
141-->[com.google.firebase:firebase-messaging:23.1.2] AndroidManifest.xml:45:13-82
142            android:directBootAware="true"
142-->[com.google.firebase:firebase-messaging:23.1.2] AndroidManifest.xml:46:13-43
143            android:exported="false" >
143-->[com.google.firebase:firebase-messaging:23.1.2] AndroidManifest.xml:47:13-37
144            <intent-filter android:priority="-500" >
144-->[:firebase_messaging] AndroidManifest.xml:21:13-23:29
145                <action android:name="com.google.firebase.MESSAGING_EVENT" />
145-->[:firebase_messaging] AndroidManifest.xml:22:17-78
145-->[:firebase_messaging] AndroidManifest.xml:22:25-75
146            </intent-filter>
147        </service>
148        <service
148-->[com.google.android.datatransport:transport-backend-cct:3.1.8] AndroidManifest.xml:28:9-34:19
149            android:name="com.google.android.datatransport.runtime.backends.TransportBackendDiscovery"
149-->[com.google.android.datatransport:transport-backend-cct:3.1.8] AndroidManifest.xml:29:13-103
150            android:exported="false" >
150-->[com.google.android.datatransport:transport-backend-cct:3.1.8] AndroidManifest.xml:30:13-37
151            <meta-data
151-->[com.google.android.datatransport:transport-backend-cct:3.1.8] AndroidManifest.xml:31:13-33:39
152                android:name="backend:com.google.android.datatransport.cct.CctBackendFactory"
152-->[com.google.android.datatransport:transport-backend-cct:3.1.8] AndroidManifest.xml:32:17-94
153                android:value="cct" />
153-->[com.google.android.datatransport:transport-backend-cct:3.1.8] AndroidManifest.xml:33:17-36
154        </service>
155        <service
155-->[com.google.android.datatransport:transport-runtime:3.1.8] AndroidManifest.xml:26:9-30:19
156            android:name="com.google.android.datatransport.runtime.scheduling.jobscheduling.JobInfoSchedulerService"
156-->[com.google.android.datatransport:transport-runtime:3.1.8] AndroidManifest.xml:27:13-117
157            android:exported="false"
157-->[com.google.android.datatransport:transport-runtime:3.1.8] AndroidManifest.xml:28:13-37
158            android:permission="android.permission.BIND_JOB_SERVICE" >
158-->[com.google.android.datatransport:transport-runtime:3.1.8] AndroidManifest.xml:29:13-69
159        </service>
160
161        <receiver
161-->[com.google.android.datatransport:transport-runtime:3.1.8] AndroidManifest.xml:32:9-34:40
162            android:name="com.google.android.datatransport.runtime.scheduling.jobscheduling.AlarmManagerSchedulerBroadcastReceiver"
162-->[com.google.android.datatransport:transport-runtime:3.1.8] AndroidManifest.xml:33:13-132
163            android:exported="false" />
163-->[com.google.android.datatransport:transport-runtime:3.1.8] AndroidManifest.xml:34:13-37
164
165        <activity
165-->[com.google.firebase:firebase-auth:21.1.0] AndroidManifest.xml:27:9-44:20
166            android:name="com.google.firebase.auth.internal.GenericIdpActivity"
166-->[com.google.firebase:firebase-auth:21.1.0] AndroidManifest.xml:28:13-80
167            android:excludeFromRecents="true"
167-->[com.google.firebase:firebase-auth:21.1.0] AndroidManifest.xml:29:13-46
168            android:exported="true"
168-->[com.google.firebase:firebase-auth:21.1.0] AndroidManifest.xml:30:13-36
169            android:launchMode="singleTask"
169-->[com.google.firebase:firebase-auth:21.1.0] AndroidManifest.xml:31:13-44
170            android:theme="@android:style/Theme.Translucent.NoTitleBar" >
170-->[com.google.firebase:firebase-auth:21.1.0] AndroidManifest.xml:32:13-72
171            <intent-filter>
171-->[com.google.firebase:firebase-auth:21.1.0] AndroidManifest.xml:33:13-43:29
172                <action android:name="android.intent.action.VIEW" />
172-->[com.google.firebase:firebase-auth:21.1.0] AndroidManifest.xml:34:17-69
172-->[com.google.firebase:firebase-auth:21.1.0] AndroidManifest.xml:34:25-66
173
174                <category android:name="android.intent.category.DEFAULT" />
174-->[com.google.firebase:firebase-auth:21.1.0] AndroidManifest.xml:36:17-76
174-->[com.google.firebase:firebase-auth:21.1.0] AndroidManifest.xml:36:27-73
175                <category android:name="android.intent.category.BROWSABLE" />
175-->[com.google.firebase:firebase-auth:21.1.0] AndroidManifest.xml:37:17-78
175-->[com.google.firebase:firebase-auth:21.1.0] AndroidManifest.xml:37:27-75
176
177                <data
177-->[com.google.firebase:firebase-auth:21.1.0] AndroidManifest.xml:39:17-42:51
178                    android:host="firebase.auth"
178-->[com.google.firebase:firebase-auth:21.1.0] AndroidManifest.xml:40:21-49
179                    android:path="/"
179-->[com.google.firebase:firebase-auth:21.1.0] AndroidManifest.xml:41:21-37
180                    android:scheme="genericidp" />
180-->[com.google.firebase:firebase-auth:21.1.0] AndroidManifest.xml:42:21-48
181            </intent-filter>
182        </activity>
183        <activity
183-->[com.google.firebase:firebase-auth:21.1.0] AndroidManifest.xml:45:9-62:20
184            android:name="com.google.firebase.auth.internal.RecaptchaActivity"
184-->[com.google.firebase:firebase-auth:21.1.0] AndroidManifest.xml:46:13-79
185            android:excludeFromRecents="true"
185-->[com.google.firebase:firebase-auth:21.1.0] AndroidManifest.xml:47:13-46
186            android:exported="true"
186-->[com.google.firebase:firebase-auth:21.1.0] AndroidManifest.xml:48:13-36
187            android:launchMode="singleTask"
187-->[com.google.firebase:firebase-auth:21.1.0] AndroidManifest.xml:49:13-44
188            android:theme="@android:style/Theme.Translucent.NoTitleBar" >
188-->[com.google.firebase:firebase-auth:21.1.0] AndroidManifest.xml:50:13-72
189            <intent-filter>
189-->[com.google.firebase:firebase-auth:21.1.0] AndroidManifest.xml:51:13-61:29
190                <action android:name="android.intent.action.VIEW" />
190-->[com.google.firebase:firebase-auth:21.1.0] AndroidManifest.xml:34:17-69
190-->[com.google.firebase:firebase-auth:21.1.0] AndroidManifest.xml:34:25-66
191
192                <category android:name="android.intent.category.DEFAULT" />
192-->[com.google.firebase:firebase-auth:21.1.0] AndroidManifest.xml:36:17-76
192-->[com.google.firebase:firebase-auth:21.1.0] AndroidManifest.xml:36:27-73
193                <category android:name="android.intent.category.BROWSABLE" />
193-->[com.google.firebase:firebase-auth:21.1.0] AndroidManifest.xml:37:17-78
193-->[com.google.firebase:firebase-auth:21.1.0] AndroidManifest.xml:37:27-75
194
195                <data
195-->[com.google.firebase:firebase-auth:21.1.0] AndroidManifest.xml:39:17-42:51
196                    android:host="firebase.auth"
196-->[com.google.firebase:firebase-auth:21.1.0] AndroidManifest.xml:40:21-49
197                    android:path="/"
197-->[com.google.firebase:firebase-auth:21.1.0] AndroidManifest.xml:41:21-37
198                    android:scheme="recaptcha" />
198-->[com.google.firebase:firebase-auth:21.1.0] AndroidManifest.xml:42:21-48
199            </intent-filter>
200        </activity>
201
202        <provider
202-->[com.google.firebase:firebase-common:20.3.1] AndroidManifest.xml:25:9-30:39
203            android:name="com.google.firebase.provider.FirebaseInitProvider"
203-->[com.google.firebase:firebase-common:20.3.1] AndroidManifest.xml:26:13-77
204            android:authorities="com.example.chat.firebaseinitprovider"
204-->[com.google.firebase:firebase-common:20.3.1] AndroidManifest.xml:27:13-72
205            android:directBootAware="true"
205-->[com.google.firebase:firebase-common:20.3.1] AndroidManifest.xml:28:13-43
206            android:exported="false"
206-->[com.google.firebase:firebase-common:20.3.1] AndroidManifest.xml:29:13-37
207            android:initOrder="100" />
207-->[com.google.firebase:firebase-common:20.3.1] AndroidManifest.xml:30:13-36
208
209        <receiver
209-->[com.google.android.gms:play-services-measurement:21.2.0] AndroidManifest.xml:29:9-33:20
210            android:name="com.google.android.gms.measurement.AppMeasurementReceiver"
210-->[com.google.android.gms:play-services-measurement:21.2.0] AndroidManifest.xml:30:13-85
211            android:enabled="true"
211-->[com.google.android.gms:play-services-measurement:21.2.0] AndroidManifest.xml:31:13-35
212            android:exported="false" >
212-->[com.google.android.gms:play-services-measurement:21.2.0] AndroidManifest.xml:32:13-37
213        </receiver>
214
215        <service
215-->[com.google.android.gms:play-services-measurement:21.2.0] AndroidManifest.xml:35:9-38:40
216            android:name="com.google.android.gms.measurement.AppMeasurementService"
216-->[com.google.android.gms:play-services-measurement:21.2.0] AndroidManifest.xml:36:13-84
217            android:enabled="true"
217-->[com.google.android.gms:play-services-measurement:21.2.0] AndroidManifest.xml:37:13-35
218            android:exported="false" />
218-->[com.google.android.gms:play-services-measurement:21.2.0] AndroidManifest.xml:38:13-37
219        <service
219-->[com.google.android.gms:play-services-measurement:21.2.0] AndroidManifest.xml:39:9-43:72
220            android:name="com.google.android.gms.measurement.AppMeasurementJobService"
220-->[com.google.android.gms:play-services-measurement:21.2.0] AndroidManifest.xml:40:13-87
221            android:enabled="true"
221-->[com.google.android.gms:play-services-measurement:21.2.0] AndroidManifest.xml:41:13-35
222            android:exported="false"
222-->[com.google.android.gms:play-services-measurement:21.2.0] AndroidManifest.xml:42:13-37
223            android:permission="android.permission.BIND_JOB_SERVICE" />
223-->[com.google.android.gms:play-services-measurement:21.2.0] AndroidManifest.xml:43:13-69
224
225        <activity
225-->[com.google.android.gms:play-services-base:18.0.1] AndroidManifest.xml:20:9-22:45
226            android:name="com.google.android.gms.common.api.GoogleApiActivity"
226-->[com.google.android.gms:play-services-base:18.0.1] AndroidManifest.xml:20:19-85
227            android:exported="false"
227-->[com.google.android.gms:play-services-base:18.0.1] AndroidManifest.xml:22:19-43
228            android:theme="@android:style/Theme.Translucent.NoTitleBar" />
228-->[com.google.android.gms:play-services-base:18.0.1] AndroidManifest.xml:21:19-78
229
230        <meta-data
230-->[com.google.android.gms:play-services-basement:18.1.0] AndroidManifest.xml:21:9-23:69
231            android:name="com.google.android.gms.version"
231-->[com.google.android.gms:play-services-basement:18.1.0] AndroidManifest.xml:22:13-58
232            android:value="@integer/google_play_services_version" />
232-->[com.google.android.gms:play-services-basement:18.1.0] AndroidManifest.xml:23:13-66
233    </application>
234
235</manifest>